[2024-02-26T13:52:53.076+0000] {logging_mixin.py:150} INFO - Changing /opt/***/logs/dag_id=01-bash-operator/run_id=scheduled__2024-01-01T00:00:00+00:00/task_id=pwd permission to 509
[2024-02-26T13:52:53.077+0000] {logging_mixin.py:150} INFO - Failed to change /opt/***/logs/dag_id=01-bash-operator/run_id=scheduled__2024-01-01T00:00:00+00:00/task_id=pwd permission to 509: [Errno 1] Operation not permitted: '/opt/***/logs/dag_id=01-bash-operator/run_id=scheduled__2024-01-01T00:00:00+00:00/task_id=pwd'
[2024-02-26T13:52:53.099+0000] {logging_mixin.py:150} INFO - Changing /opt/***/logs/dag_id=01-bash-operator/run_id=scheduled__2024-01-01T00:00:00+00:00/task_id=pwd permission to 509
[2024-02-26T13:52:53.100+0000] {logging_mixin.py:150} INFO - Failed to change /opt/***/logs/dag_id=01-bash-operator/run_id=scheduled__2024-01-01T00:00:00+00:00/task_id=pwd permission to 509: [Errno 1] Operation not permitted: '/opt/***/logs/dag_id=01-bash-operator/run_id=scheduled__2024-01-01T00:00:00+00:00/task_id=pwd'
[2024-02-26T13:52:53.283+0000] {taskinstance.py:1103} INFO - Dependencies all met for dep_context=non-requeueable deps ti=<TaskInstance: 01-bash-operator.pwd scheduled__2024-01-01T00:00:00+00:00 [queued]>
[2024-02-26T13:52:53.293+0000] {taskinstance.py:1103} INFO - Dependencies all met for dep_context=requeueable deps ti=<TaskInstance: 01-bash-operator.pwd scheduled__2024-01-01T00:00:00+00:00 [queued]>
[2024-02-26T13:52:53.294+0000] {taskinstance.py:1308} INFO - Starting attempt 2 of 2
[2024-02-26T13:52:53.311+0000] {taskinstance.py:1327} INFO - Executing <Task(BashOperator): pwd> on 2024-01-01 00:00:00+00:00
[2024-02-26T13:52:53.316+0000] {standard_task_runner.py:57} INFO - Started process 304 to run task
[2024-02-26T13:52:53.319+0000] {standard_task_runner.py:84} INFO - Running: ['***', 'tasks', 'run', '01-bash-operator', 'pwd', 'scheduled__2024-01-01T00:00:00+00:00', '--job-id', '16', '--raw', '--subdir', 'DAGS_FOLDER/01-bash-operator.py', '--cfg-path', '/tmp/tmppbssif5b']
[2024-02-26T13:52:53.321+0000] {standard_task_runner.py:85} INFO - Job 16: Subtask pwd
[2024-02-26T13:52:53.364+0000] {logging_mixin.py:150} INFO - Changing /opt/***/logs/dag_id=01-bash-operator/run_id=scheduled__2024-01-01T00:00:00+00:00/task_id=pwd permission to 509
[2024-02-26T13:52:53.365+0000] {logging_mixin.py:150} INFO - Failed to change /opt/***/logs/dag_id=01-bash-operator/run_id=scheduled__2024-01-01T00:00:00+00:00/task_id=pwd permission to 509: [Errno 1] Operation not permitted: '/opt/***/logs/dag_id=01-bash-operator/run_id=scheduled__2024-01-01T00:00:00+00:00/task_id=pwd'
[2024-02-26T13:52:53.366+0000] {task_command.py:410} INFO - Running <TaskInstance: 01-bash-operator.pwd scheduled__2024-01-01T00:00:00+00:00 [running]> on host 2fe49a870f57
[2024-02-26T13:52:53.446+0000] {taskinstance.py:1547} INFO - Exporting env vars: AIRFLOW_CTX_DAG_OWNER='heumsi' AIRFLOW_CTX_DAG_ID='01-bash-operator' AIRFLOW_CTX_TASK_ID='pwd' AIRFLOW_CTX_EXECUTION_DATE='2024-01-01T00:00:00+00:00' AIRFLOW_CTX_TRY_NUMBER='2' AIRFLOW_CTX_DAG_RUN_ID='scheduled__2024-01-01T00:00:00+00:00'
[2024-02-26T13:52:53.448+0000] {subprocess.py:63} INFO - Tmp dir root location: /tmp
[2024-02-26T13:52:53.449+0000] {subprocess.py:75} INFO - Running command: ['/bin/bash', '-c', 'pwd']
[2024-02-26T13:52:53.459+0000] {subprocess.py:86} INFO - Output:
[2024-02-26T13:52:53.461+0000] {subprocess.py:93} INFO - /tmp/***tmp29j0_0gi
[2024-02-26T13:52:53.461+0000] {subprocess.py:97} INFO - Command exited with return code 0
[2024-02-26T13:52:53.487+0000] {taskinstance.py:1350} INFO - Marking task as SUCCESS. dag_id=01-bash-operator, task_id=pwd, execution_date=20240101T000000, start_date=20240226T135253, end_date=20240226T135253
[2024-02-26T13:52:53.530+0000] {local_task_job_runner.py:225} INFO - Task exited with return code 0
[2024-02-26T13:52:53.547+0000] {taskinstance.py:2653} INFO - 0 downstream tasks scheduled from follow-on schedule check
