[2024-02-26T13:52:53.099+0000] {logging_mixin.py:150} INFO - Changing /opt/***/logs/dag_id=01-bash-operator/run_id=scheduled__2024-01-01T00:00:00+00:00/task_id=sleep permission to 509
[2024-02-26T13:52:53.100+0000] {logging_mixin.py:150} INFO - Failed to change /opt/***/logs/dag_id=01-bash-operator/run_id=scheduled__2024-01-01T00:00:00+00:00/task_id=sleep permission to 509: [Errno 1] Operation not permitted: '/opt/***/logs/dag_id=01-bash-operator/run_id=scheduled__2024-01-01T00:00:00+00:00/task_id=sleep'
[2024-02-26T13:52:53.125+0000] {logging_mixin.py:150} INFO - Changing /opt/***/logs/dag_id=01-bash-operator/run_id=scheduled__2024-01-01T00:00:00+00:00/task_id=sleep permission to 509
[2024-02-26T13:52:53.126+0000] {logging_mixin.py:150} INFO - Failed to change /opt/***/logs/dag_id=01-bash-operator/run_id=scheduled__2024-01-01T00:00:00+00:00/task_id=sleep permission to 509: [Errno 1] Operation not permitted: '/opt/***/logs/dag_id=01-bash-operator/run_id=scheduled__2024-01-01T00:00:00+00:00/task_id=sleep'
[2024-02-26T13:52:53.306+0000] {taskinstance.py:1103} INFO - Dependencies all met for dep_context=non-requeueable deps ti=<TaskInstance: 01-bash-operator.sleep scheduled__2024-01-01T00:00:00+00:00 [queued]>
[2024-02-26T13:52:53.316+0000] {taskinstance.py:1103} INFO - Dependencies all met for dep_context=requeueable deps ti=<TaskInstance: 01-bash-operator.sleep scheduled__2024-01-01T00:00:00+00:00 [queued]>
[2024-02-26T13:52:53.317+0000] {taskinstance.py:1308} INFO - Starting attempt 3 of 5
[2024-02-26T13:52:53.332+0000] {taskinstance.py:1327} INFO - Executing <Task(BashOperator): sleep> on 2024-01-01 00:00:00+00:00
[2024-02-26T13:52:53.338+0000] {standard_task_runner.py:57} INFO - Started process 305 to run task
[2024-02-26T13:52:53.340+0000] {standard_task_runner.py:84} INFO - Running: ['***', 'tasks', 'run', '01-bash-operator', 'sleep', 'scheduled__2024-01-01T00:00:00+00:00', '--job-id', '17', '--raw', '--subdir', 'DAGS_FOLDER/01-bash-operator.py', '--cfg-path', '/tmp/tmp6fm68lgl']
[2024-02-26T13:52:53.343+0000] {standard_task_runner.py:85} INFO - Job 17: Subtask sleep
[2024-02-26T13:52:53.384+0000] {logging_mixin.py:150} INFO - Changing /opt/***/logs/dag_id=01-bash-operator/run_id=scheduled__2024-01-01T00:00:00+00:00/task_id=sleep permission to 509
[2024-02-26T13:52:53.385+0000] {logging_mixin.py:150} INFO - Failed to change /opt/***/logs/dag_id=01-bash-operator/run_id=scheduled__2024-01-01T00:00:00+00:00/task_id=sleep permission to 509: [Errno 1] Operation not permitted: '/opt/***/logs/dag_id=01-bash-operator/run_id=scheduled__2024-01-01T00:00:00+00:00/task_id=sleep'
[2024-02-26T13:52:53.386+0000] {task_command.py:410} INFO - Running <TaskInstance: 01-bash-operator.sleep scheduled__2024-01-01T00:00:00+00:00 [running]> on host 2fe49a870f57
[2024-02-26T13:52:53.467+0000] {taskinstance.py:1547} INFO - Exporting env vars: AIRFLOW_CTX_DAG_OWNER='heumsi' AIRFLOW_CTX_DAG_ID='01-bash-operator' AIRFLOW_CTX_TASK_ID='sleep' AIRFLOW_CTX_EXECUTION_DATE='2024-01-01T00:00:00+00:00' AIRFLOW_CTX_TRY_NUMBER='3' AIRFLOW_CTX_DAG_RUN_ID='scheduled__2024-01-01T00:00:00+00:00'
[2024-02-26T13:52:53.469+0000] {subprocess.py:63} INFO - Tmp dir root location: /tmp
[2024-02-26T13:52:53.470+0000] {subprocess.py:75} INFO - Running command: ['/bin/bash', '-c', 'sleep 5']
[2024-02-26T13:52:53.483+0000] {subprocess.py:86} INFO - Output:
[2024-02-26T13:52:58.485+0000] {subprocess.py:97} INFO - Command exited with return code 0
[2024-02-26T13:52:58.518+0000] {taskinstance.py:1350} INFO - Marking task as SUCCESS. dag_id=01-bash-operator, task_id=sleep, execution_date=20240101T000000, start_date=20240226T135253, end_date=20240226T135258
[2024-02-26T13:52:58.559+0000] {local_task_job_runner.py:225} INFO - Task exited with return code 0
[2024-02-26T13:52:58.577+0000] {taskinstance.py:2653} INFO - 0 downstream tasks scheduled from follow-on schedule check
