[2024-02-26T13:51:52.847+0000] {logging_mixin.py:150} INFO - Changing /opt/***/logs/dag_id=01-bash-operator/run_id=scheduled__2024-01-01T00:00:00+00:00/task_id=sleep permission to 509
[2024-02-26T13:51:52.848+0000] {logging_mixin.py:150} INFO - Failed to change /opt/***/logs/dag_id=01-bash-operator/run_id=scheduled__2024-01-01T00:00:00+00:00/task_id=sleep permission to 509: [Errno 1] Operation not permitted: '/opt/***/logs/dag_id=01-bash-operator/run_id=scheduled__2024-01-01T00:00:00+00:00/task_id=sleep'
[2024-02-26T13:51:52.869+0000] {logging_mixin.py:150} INFO - Changing /opt/***/logs/dag_id=01-bash-operator/run_id=scheduled__2024-01-01T00:00:00+00:00/task_id=sleep permission to 509
[2024-02-26T13:51:52.870+0000] {logging_mixin.py:150} INFO - Failed to change /opt/***/logs/dag_id=01-bash-operator/run_id=scheduled__2024-01-01T00:00:00+00:00/task_id=sleep permission to 509: [Errno 1] Operation not permitted: '/opt/***/logs/dag_id=01-bash-operator/run_id=scheduled__2024-01-01T00:00:00+00:00/task_id=sleep'
[2024-02-26T13:51:53.025+0000] {taskinstance.py:1103} INFO - Dependencies all met for dep_context=non-requeueable deps ti=<TaskInstance: 01-bash-operator.sleep scheduled__2024-01-01T00:00:00+00:00 [queued]>
[2024-02-26T13:51:53.034+0000] {taskinstance.py:1103} INFO - Dependencies all met for dep_context=requeueable deps ti=<TaskInstance: 01-bash-operator.sleep scheduled__2024-01-01T00:00:00+00:00 [queued]>
[2024-02-26T13:51:53.034+0000] {taskinstance.py:1308} INFO - Starting attempt 2 of 4
[2024-02-26T13:51:53.052+0000] {taskinstance.py:1327} INFO - Executing <Task(BashOperator): sleep> on 2024-01-01 00:00:00+00:00
[2024-02-26T13:51:53.057+0000] {standard_task_runner.py:57} INFO - Started process 276 to run task
[2024-02-26T13:51:53.061+0000] {standard_task_runner.py:84} INFO - Running: ['***', 'tasks', 'run', '01-bash-operator', 'sleep', 'scheduled__2024-01-01T00:00:00+00:00', '--job-id', '14', '--raw', '--subdir', 'DAGS_FOLDER/01-bash-operator.py', '--cfg-path', '/tmp/tmp1oyank9h']
[2024-02-26T13:51:53.063+0000] {standard_task_runner.py:85} INFO - Job 14: Subtask sleep
[2024-02-26T13:51:53.108+0000] {logging_mixin.py:150} INFO - Changing /opt/***/logs/dag_id=01-bash-operator/run_id=scheduled__2024-01-01T00:00:00+00:00/task_id=sleep permission to 509
[2024-02-26T13:51:53.109+0000] {logging_mixin.py:150} INFO - Failed to change /opt/***/logs/dag_id=01-bash-operator/run_id=scheduled__2024-01-01T00:00:00+00:00/task_id=sleep permission to 509: [Errno 1] Operation not permitted: '/opt/***/logs/dag_id=01-bash-operator/run_id=scheduled__2024-01-01T00:00:00+00:00/task_id=sleep'
[2024-02-26T13:51:53.111+0000] {task_command.py:410} INFO - Running <TaskInstance: 01-bash-operator.sleep scheduled__2024-01-01T00:00:00+00:00 [running]> on host 2fe49a870f57
[2024-02-26T13:51:53.187+0000] {taskinstance.py:1547} INFO - Exporting env vars: AIRFLOW_CTX_DAG_OWNER='heumsi' AIRFLOW_CTX_DAG_ID='01-bash-operator' AIRFLOW_CTX_TASK_ID='sleep' AIRFLOW_CTX_EXECUTION_DATE='2024-01-01T00:00:00+00:00' AIRFLOW_CTX_TRY_NUMBER='2' AIRFLOW_CTX_DAG_RUN_ID='scheduled__2024-01-01T00:00:00+00:00'
[2024-02-26T13:51:53.189+0000] {subprocess.py:63} INFO - Tmp dir root location: /tmp
[2024-02-26T13:51:53.190+0000] {subprocess.py:75} INFO - Running command: ['/bin/bash', '-c', 'sleep 5']
[2024-02-26T13:51:53.198+0000] {subprocess.py:86} INFO - Output:
[2024-02-26T13:51:58.201+0000] {subprocess.py:97} INFO - Command exited with return code 0
[2024-02-26T13:51:58.223+0000] {taskinstance.py:1350} INFO - Marking task as SUCCESS. dag_id=01-bash-operator, task_id=sleep, execution_date=20240101T000000, start_date=20240226T135153, end_date=20240226T135158
[2024-02-26T13:51:58.240+0000] {local_task_job_runner.py:225} INFO - Task exited with return code 0
[2024-02-26T13:51:58.254+0000] {taskinstance.py:2653} INFO - 0 downstream tasks scheduled from follow-on schedule check
