[2024-02-26T13:48:59.294+0000] {logging_mixin.py:150} INFO - Changing /opt/***/logs/dag_id=Hello_world/run_id=scheduled__2024-02-24T06:00:00+00:00/task_id=print_hello permission to 509
[2024-02-26T13:48:59.295+0000] {logging_mixin.py:150} INFO - Failed to change /opt/***/logs/dag_id=Hello_world/run_id=scheduled__2024-02-24T06:00:00+00:00/task_id=print_hello permission to 509: [Errno 1] Operation not permitted: '/opt/***/logs/dag_id=Hello_world/run_id=scheduled__2024-02-24T06:00:00+00:00/task_id=print_hello'
[2024-02-26T13:48:59.318+0000] {logging_mixin.py:150} INFO - Changing /opt/***/logs/dag_id=Hello_world/run_id=scheduled__2024-02-24T06:00:00+00:00/task_id=print_hello permission to 509
[2024-02-26T13:48:59.319+0000] {logging_mixin.py:150} INFO - Failed to change /opt/***/logs/dag_id=Hello_world/run_id=scheduled__2024-02-24T06:00:00+00:00/task_id=print_hello permission to 509: [Errno 1] Operation not permitted: '/opt/***/logs/dag_id=Hello_world/run_id=scheduled__2024-02-24T06:00:00+00:00/task_id=print_hello'
[2024-02-26T13:48:59.484+0000] {taskinstance.py:1103} INFO - Dependencies all met for dep_context=non-requeueable deps ti=<TaskInstance: Hello_world.print_hello scheduled__2024-02-24T06:00:00+00:00 [queued]>
[2024-02-26T13:48:59.495+0000] {taskinstance.py:1103} INFO - Dependencies all met for dep_context=requeueable deps ti=<TaskInstance: Hello_world.print_hello scheduled__2024-02-24T06:00:00+00:00 [queued]>
[2024-02-26T13:48:59.495+0000] {taskinstance.py:1308} INFO - Starting attempt 2 of 2
[2024-02-26T13:48:59.514+0000] {taskinstance.py:1327} INFO - Executing <Task(BashOperator): print_hello> on 2024-02-24 06:00:00+00:00
[2024-02-26T13:48:59.520+0000] {standard_task_runner.py:57} INFO - Started process 196 to run task
[2024-02-26T13:48:59.523+0000] {standard_task_runner.py:84} INFO - Running: ['***', 'tasks', 'run', 'Hello_world', 'print_hello', 'scheduled__2024-02-24T06:00:00+00:00', '--job-id', '7', '--raw', '--subdir', 'DAGS_FOLDER/hello_world.py', '--cfg-path', '/tmp/tmps_d6n5sa']
[2024-02-26T13:48:59.526+0000] {standard_task_runner.py:85} INFO - Job 7: Subtask print_hello
[2024-02-26T13:48:59.567+0000] {logging_mixin.py:150} INFO - Changing /opt/***/logs/dag_id=Hello_world/run_id=scheduled__2024-02-24T06:00:00+00:00/task_id=print_hello permission to 509
[2024-02-26T13:48:59.567+0000] {logging_mixin.py:150} INFO - Failed to change /opt/***/logs/dag_id=Hello_world/run_id=scheduled__2024-02-24T06:00:00+00:00/task_id=print_hello permission to 509: [Errno 1] Operation not permitted: '/opt/***/logs/dag_id=Hello_world/run_id=scheduled__2024-02-24T06:00:00+00:00/task_id=print_hello'
[2024-02-26T13:48:59.569+0000] {task_command.py:410} INFO - Running <TaskInstance: Hello_world.print_hello scheduled__2024-02-24T06:00:00+00:00 [running]> on host 2fe49a870f57
[2024-02-26T13:48:59.652+0000] {taskinstance.py:1547} INFO - Exporting env vars: AIRFLOW_CTX_DAG_OWNER='heumsi' AIRFLOW_CTX_DAG_ID='Hello_world' AIRFLOW_CTX_TASK_ID='print_hello' AIRFLOW_CTX_EXECUTION_DATE='2024-02-24T06:00:00+00:00' AIRFLOW_CTX_TRY_NUMBER='2' AIRFLOW_CTX_DAG_RUN_ID='scheduled__2024-02-24T06:00:00+00:00'
[2024-02-26T13:48:59.654+0000] {subprocess.py:63} INFO - Tmp dir root location: /tmp
[2024-02-26T13:48:59.654+0000] {subprocess.py:75} INFO - Running command: ['/bin/bash', '-c', 'echo hello']
[2024-02-26T13:48:59.668+0000] {subprocess.py:86} INFO - Output:
[2024-02-26T13:48:59.669+0000] {subprocess.py:93} INFO - hello
[2024-02-26T13:48:59.670+0000] {subprocess.py:97} INFO - Command exited with return code 0
[2024-02-26T13:48:59.695+0000] {taskinstance.py:1350} INFO - Marking task as SUCCESS. dag_id=Hello_world, task_id=print_hello, execution_date=20240224T060000, start_date=20240226T134859, end_date=20240226T134859
[2024-02-26T13:48:59.735+0000] {local_task_job_runner.py:225} INFO - Task exited with return code 0
[2024-02-26T13:48:59.757+0000] {taskinstance.py:2653} INFO - 1 downstream tasks scheduled from follow-on schedule check
