[2024-02-26T14:36:05.274+0000] {logging_mixin.py:150} INFO - Changing /opt/***/logs/dag_id=python_dag_with_jinja/run_id=scheduled__2024-02-05T00:30:00+00:00/task_id=print_current_date_with_jinja permission to 509
[2024-02-26T14:36:05.279+0000] {logging_mixin.py:150} INFO - Failed to change /opt/***/logs/dag_id=python_dag_with_jinja/run_id=scheduled__2024-02-05T00:30:00+00:00/task_id=print_current_date_with_jinja permission to 509: [Errno 1] Operation not permitted: '/opt/***/logs/dag_id=python_dag_with_jinja/run_id=scheduled__2024-02-05T00:30:00+00:00/task_id=print_current_date_with_jinja'
[2024-02-26T14:36:05.350+0000] {logging_mixin.py:150} INFO - Changing /opt/***/logs/dag_id=python_dag_with_jinja/run_id=scheduled__2024-02-05T00:30:00+00:00/task_id=print_current_date_with_jinja permission to 509
[2024-02-26T14:36:05.351+0000] {logging_mixin.py:150} INFO - Failed to change /opt/***/logs/dag_id=python_dag_with_jinja/run_id=scheduled__2024-02-05T00:30:00+00:00/task_id=print_current_date_with_jinja permission to 509: [Errno 1] Operation not permitted: '/opt/***/logs/dag_id=python_dag_with_jinja/run_id=scheduled__2024-02-05T00:30:00+00:00/task_id=print_current_date_with_jinja'
[2024-02-26T14:36:05.637+0000] {taskinstance.py:1103} INFO - Dependencies all met for dep_context=non-requeueable deps ti=<TaskInstance: python_dag_with_jinja.print_current_date_with_jinja scheduled__2024-02-05T00:30:00+00:00 [queued]>
[2024-02-26T14:36:05.646+0000] {taskinstance.py:1103} INFO - Dependencies all met for dep_context=requeueable deps ti=<TaskInstance: python_dag_with_jinja.print_current_date_with_jinja scheduled__2024-02-05T00:30:00+00:00 [queued]>
[2024-02-26T14:36:05.647+0000] {taskinstance.py:1308} INFO - Starting attempt 1 of 1
[2024-02-26T14:36:05.671+0000] {taskinstance.py:1327} INFO - Executing <Task(PythonOperator): print_current_date_with_jinja> on 2024-02-05 00:30:00+00:00
[2024-02-26T14:36:05.686+0000] {standard_task_runner.py:57} INFO - Started process 1327 to run task
[2024-02-26T14:36:05.696+0000] {standard_task_runner.py:84} INFO - Running: ['***', 'tasks', 'run', 'python_dag_with_jinja', 'print_current_date_with_jinja', 'scheduled__2024-02-05T00:30:00+00:00', '--job-id', '82', '--raw', '--subdir', 'DAGS_FOLDER/04-python-operator-with-jinja.py', '--cfg-path', '/tmp/tmpa_etwyq3']
[2024-02-26T14:36:05.698+0000] {standard_task_runner.py:85} INFO - Job 82: Subtask print_current_date_with_jinja
[2024-02-26T14:36:05.819+0000] {logging_mixin.py:150} INFO - Changing /opt/***/logs/dag_id=python_dag_with_jinja/run_id=scheduled__2024-02-05T00:30:00+00:00/task_id=print_current_date_with_jinja permission to 509
[2024-02-26T14:36:05.819+0000] {logging_mixin.py:150} INFO - Failed to change /opt/***/logs/dag_id=python_dag_with_jinja/run_id=scheduled__2024-02-05T00:30:00+00:00/task_id=print_current_date_with_jinja permission to 509: [Errno 1] Operation not permitted: '/opt/***/logs/dag_id=python_dag_with_jinja/run_id=scheduled__2024-02-05T00:30:00+00:00/task_id=print_current_date_with_jinja'
[2024-02-26T14:36:05.821+0000] {task_command.py:410} INFO - Running <TaskInstance: python_dag_with_jinja.print_current_date_with_jinja scheduled__2024-02-05T00:30:00+00:00 [running]> on host 2fe49a870f57
[2024-02-26T14:36:05.939+0000] {taskinstance.py:1547} INFO - Exporting env vars: AIRFLOW_CTX_DAG_OWNER='heumsi' AIRFLOW_CTX_DAG_ID='python_dag_with_jinja' AIRFLOW_CTX_TASK_ID='print_current_date_with_jinja' AIRFLOW_CTX_EXECUTION_DATE='2024-02-05T00:30:00+00:00' AIRFLOW_CTX_TRY_NUMBER='1' AIRFLOW_CTX_DAG_RUN_ID='scheduled__2024-02-05T00:30:00+00:00'
[2024-02-26T14:36:05.941+0000] {logging_mixin.py:150} INFO - 2024-02-05는 월요일입니다.
[2024-02-26T14:36:05.941+0000] {python.py:183} INFO - Done. Returned value was: 2024-02-05
[2024-02-26T14:36:05.970+0000] {taskinstance.py:1350} INFO - Marking task as SUCCESS. dag_id=python_dag_with_jinja, task_id=print_current_date_with_jinja, execution_date=20240205T003000, start_date=20240226T143605, end_date=20240226T143605
[2024-02-26T14:36:06.038+0000] {local_task_job_runner.py:225} INFO - Task exited with return code 0
[2024-02-26T14:36:06.075+0000] {taskinstance.py:2653} INFO - 0 downstream tasks scheduled from follow-on schedule check
