[2024-02-26T14:07:36.080+0000] {logging_mixin.py:150} INFO - Changing /opt/***/logs/dag_id=python_dag_with_context/run_id=scheduled__2024-01-25T00:30:00+00:00/task_id=print_current_date_with_conetxt permission to 509
[2024-02-26T14:07:36.082+0000] {logging_mixin.py:150} INFO - Failed to change /opt/***/logs/dag_id=python_dag_with_context/run_id=scheduled__2024-01-25T00:30:00+00:00/task_id=print_current_date_with_conetxt permission to 509: [Errno 1] Operation not permitted: '/opt/***/logs/dag_id=python_dag_with_context/run_id=scheduled__2024-01-25T00:30:00+00:00/task_id=print_current_date_with_conetxt'
[2024-02-26T14:07:36.145+0000] {logging_mixin.py:150} INFO - Changing /opt/***/logs/dag_id=python_dag_with_context/run_id=scheduled__2024-01-25T00:30:00+00:00/task_id=print_current_date_with_conetxt permission to 509
[2024-02-26T14:07:36.147+0000] {logging_mixin.py:150} INFO - Failed to change /opt/***/logs/dag_id=python_dag_with_context/run_id=scheduled__2024-01-25T00:30:00+00:00/task_id=print_current_date_with_conetxt permission to 509: [Errno 1] Operation not permitted: '/opt/***/logs/dag_id=python_dag_with_context/run_id=scheduled__2024-01-25T00:30:00+00:00/task_id=print_current_date_with_conetxt'
[2024-02-26T14:07:36.563+0000] {taskinstance.py:1103} INFO - Dependencies all met for dep_context=non-requeueable deps ti=<TaskInstance: python_dag_with_context.print_current_date_with_conetxt scheduled__2024-01-25T00:30:00+00:00 [queued]>
[2024-02-26T14:07:36.572+0000] {taskinstance.py:1103} INFO - Dependencies all met for dep_context=requeueable deps ti=<TaskInstance: python_dag_with_context.print_current_date_with_conetxt scheduled__2024-01-25T00:30:00+00:00 [queued]>
[2024-02-26T14:07:36.573+0000] {taskinstance.py:1308} INFO - Starting attempt 1 of 1
[2024-02-26T14:07:36.599+0000] {taskinstance.py:1327} INFO - Executing <Task(PythonOperator): print_current_date_with_conetxt> on 2024-01-25 00:30:00+00:00
[2024-02-26T14:07:36.607+0000] {standard_task_runner.py:57} INFO - Started process 651 to run task
[2024-02-26T14:07:36.622+0000] {standard_task_runner.py:84} INFO - Running: ['***', 'tasks', 'run', 'python_dag_with_context', 'print_current_date_with_conetxt', 'scheduled__2024-01-25T00:30:00+00:00', '--job-id', '46', '--raw', '--subdir', 'DAGS_FOLDER/03-python-operator-with-context.py', '--cfg-path', '/tmp/tmpee5hupyh']
[2024-02-26T14:07:36.627+0000] {standard_task_runner.py:85} INFO - Job 46: Subtask print_current_date_with_conetxt
[2024-02-26T14:07:36.779+0000] {logging_mixin.py:150} INFO - Changing /opt/***/logs/dag_id=python_dag_with_context/run_id=scheduled__2024-01-25T00:30:00+00:00/task_id=print_current_date_with_conetxt permission to 509
[2024-02-26T14:07:36.781+0000] {logging_mixin.py:150} INFO - Failed to change /opt/***/logs/dag_id=python_dag_with_context/run_id=scheduled__2024-01-25T00:30:00+00:00/task_id=print_current_date_with_conetxt permission to 509: [Errno 1] Operation not permitted: '/opt/***/logs/dag_id=python_dag_with_context/run_id=scheduled__2024-01-25T00:30:00+00:00/task_id=print_current_date_with_conetxt'
[2024-02-26T14:07:36.794+0000] {task_command.py:410} INFO - Running <TaskInstance: python_dag_with_context.print_current_date_with_conetxt scheduled__2024-01-25T00:30:00+00:00 [running]> on host 2fe49a870f57
[2024-02-26T14:07:37.046+0000] {taskinstance.py:1547} INFO - Exporting env vars: AIRFLOW_CTX_DAG_OWNER='heumsi' AIRFLOW_CTX_DAG_ID='python_dag_with_context' AIRFLOW_CTX_TASK_ID='print_current_date_with_conetxt' AIRFLOW_CTX_EXECUTION_DATE='2024-01-25T00:30:00+00:00' AIRFLOW_CTX_TRY_NUMBER='1' AIRFLOW_CTX_DAG_RUN_ID='scheduled__2024-01-25T00:30:00+00:00'
[2024-02-26T14:07:37.048+0000] {logging_mixin.py:150} INFO - execution_date: 2024-01-25
[2024-02-26T14:07:37.049+0000] {logging_mixin.py:150} INFO - execution_date_nodash: 20240125
[2024-02-26T14:07:37.050+0000] {logging_mixin.py:150} INFO - 2024-01-25는 목요일입니다.
[2024-02-26T14:07:37.051+0000] {python.py:183} INFO - Done. Returned value was: None
[2024-02-26T14:07:37.079+0000] {taskinstance.py:1350} INFO - Marking task as SUCCESS. dag_id=python_dag_with_context, task_id=print_current_date_with_conetxt, execution_date=20240125T003000, start_date=20240226T140736, end_date=20240226T140737
[2024-02-26T14:07:37.133+0000] {local_task_job_runner.py:225} INFO - Task exited with return code 0
[2024-02-26T14:07:37.153+0000] {taskinstance.py:2653} INFO - 0 downstream tasks scheduled from follow-on schedule check
