[2024-02-26T13:49:02.399+0000] {logging_mixin.py:150} INFO - Changing /opt/***/logs/dag_id=Hello_world/run_id=scheduled__2024-02-25T06:00:00+00:00/task_id=print_hello permission to 509
[2024-02-26T13:49:02.400+0000] {logging_mixin.py:150} INFO - Failed to change /opt/***/logs/dag_id=Hello_world/run_id=scheduled__2024-02-25T06:00:00+00:00/task_id=print_hello permission to 509: [Errno 1] Operation not permitted: '/opt/***/logs/dag_id=Hello_world/run_id=scheduled__2024-02-25T06:00:00+00:00/task_id=print_hello'
[2024-02-26T13:49:02.423+0000] {logging_mixin.py:150} INFO - Changing /opt/***/logs/dag_id=Hello_world/run_id=scheduled__2024-02-25T06:00:00+00:00/task_id=print_hello permission to 509
[2024-02-26T13:49:02.424+0000] {logging_mixin.py:150} INFO - Failed to change /opt/***/logs/dag_id=Hello_world/run_id=scheduled__2024-02-25T06:00:00+00:00/task_id=print_hello permission to 509: [Errno 1] Operation not permitted: '/opt/***/logs/dag_id=Hello_world/run_id=scheduled__2024-02-25T06:00:00+00:00/task_id=print_hello'
[2024-02-26T13:49:02.567+0000] {taskinstance.py:1103} INFO - Dependencies all met for dep_context=non-requeueable deps ti=<TaskInstance: Hello_world.print_hello scheduled__2024-02-25T06:00:00+00:00 [queued]>
[2024-02-26T13:49:02.576+0000] {taskinstance.py:1103} INFO - Dependencies all met for dep_context=requeueable deps ti=<TaskInstance: Hello_world.print_hello scheduled__2024-02-25T06:00:00+00:00 [queued]>
[2024-02-26T13:49:02.577+0000] {taskinstance.py:1308} INFO - Starting attempt 2 of 2
[2024-02-26T13:49:02.590+0000] {taskinstance.py:1327} INFO - Executing <Task(BashOperator): print_hello> on 2024-02-25 06:00:00+00:00
[2024-02-26T13:49:02.596+0000] {standard_task_runner.py:57} INFO - Started process 203 to run task
[2024-02-26T13:49:02.598+0000] {standard_task_runner.py:84} INFO - Running: ['***', 'tasks', 'run', 'Hello_world', 'print_hello', 'scheduled__2024-02-25T06:00:00+00:00', '--job-id', '9', '--raw', '--subdir', 'DAGS_FOLDER/hello_world.py', '--cfg-path', '/tmp/tmp_76g6jgh']
[2024-02-26T13:49:02.600+0000] {standard_task_runner.py:85} INFO - Job 9: Subtask print_hello
[2024-02-26T13:49:02.635+0000] {logging_mixin.py:150} INFO - Changing /opt/***/logs/dag_id=Hello_world/run_id=scheduled__2024-02-25T06:00:00+00:00/task_id=print_hello permission to 509
[2024-02-26T13:49:02.636+0000] {logging_mixin.py:150} INFO - Failed to change /opt/***/logs/dag_id=Hello_world/run_id=scheduled__2024-02-25T06:00:00+00:00/task_id=print_hello permission to 509: [Errno 1] Operation not permitted: '/opt/***/logs/dag_id=Hello_world/run_id=scheduled__2024-02-25T06:00:00+00:00/task_id=print_hello'
[2024-02-26T13:49:02.637+0000] {task_command.py:410} INFO - Running <TaskInstance: Hello_world.print_hello scheduled__2024-02-25T06:00:00+00:00 [running]> on host 2fe49a870f57
[2024-02-26T13:49:02.720+0000] {taskinstance.py:1547} INFO - Exporting env vars: AIRFLOW_CTX_DAG_OWNER='heumsi' AIRFLOW_CTX_DAG_ID='Hello_world' AIRFLOW_CTX_TASK_ID='print_hello' AIRFLOW_CTX_EXECUTION_DATE='2024-02-25T06:00:00+00:00' AIRFLOW_CTX_TRY_NUMBER='2' AIRFLOW_CTX_DAG_RUN_ID='scheduled__2024-02-25T06:00:00+00:00'
[2024-02-26T13:49:02.722+0000] {subprocess.py:63} INFO - Tmp dir root location: /tmp
[2024-02-26T13:49:02.724+0000] {subprocess.py:75} INFO - Running command: ['/bin/bash', '-c', 'echo hello']
[2024-02-26T13:49:02.743+0000] {subprocess.py:86} INFO - Output:
[2024-02-26T13:49:02.745+0000] {subprocess.py:93} INFO - hello
[2024-02-26T13:49:02.745+0000] {subprocess.py:97} INFO - Command exited with return code 0
[2024-02-26T13:49:02.771+0000] {taskinstance.py:1350} INFO - Marking task as SUCCESS. dag_id=Hello_world, task_id=print_hello, execution_date=20240225T060000, start_date=20240226T134902, end_date=20240226T134902
[2024-02-26T13:49:02.811+0000] {local_task_job_runner.py:225} INFO - Task exited with return code 0
[2024-02-26T13:49:02.831+0000] {taskinstance.py:2653} INFO - 1 downstream tasks scheduled from follow-on schedule check
