[2024-02-26T13:52:51.416+0000] {logging_mixin.py:150} INFO - Changing /opt/***/logs/dag_id=01-bash-operator/run_id=scheduled__2024-01-01T00:00:00+00:00/task_id=print_date permission to 509
[2024-02-26T13:52:51.417+0000] {logging_mixin.py:150} INFO - Failed to change /opt/***/logs/dag_id=01-bash-operator/run_id=scheduled__2024-01-01T00:00:00+00:00/task_id=print_date permission to 509: [Errno 1] Operation not permitted: '/opt/***/logs/dag_id=01-bash-operator/run_id=scheduled__2024-01-01T00:00:00+00:00/task_id=print_date'
[2024-02-26T13:52:51.445+0000] {logging_mixin.py:150} INFO - Changing /opt/***/logs/dag_id=01-bash-operator/run_id=scheduled__2024-01-01T00:00:00+00:00/task_id=print_date permission to 509
[2024-02-26T13:52:51.446+0000] {logging_mixin.py:150} INFO - Failed to change /opt/***/logs/dag_id=01-bash-operator/run_id=scheduled__2024-01-01T00:00:00+00:00/task_id=print_date permission to 509: [Errno 1] Operation not permitted: '/opt/***/logs/dag_id=01-bash-operator/run_id=scheduled__2024-01-01T00:00:00+00:00/task_id=print_date'
[2024-02-26T13:52:51.689+0000] {taskinstance.py:1103} INFO - Dependencies all met for dep_context=non-requeueable deps ti=<TaskInstance: 01-bash-operator.print_date scheduled__2024-01-01T00:00:00+00:00 [queued]>
[2024-02-26T13:52:51.706+0000] {taskinstance.py:1103} INFO - Dependencies all met for dep_context=requeueable deps ti=<TaskInstance: 01-bash-operator.print_date scheduled__2024-01-01T00:00:00+00:00 [queued]>
[2024-02-26T13:52:51.712+0000] {taskinstance.py:1308} INFO - Starting attempt 2 of 2
[2024-02-26T13:52:51.737+0000] {taskinstance.py:1327} INFO - Executing <Task(BashOperator): print_date> on 2024-01-01 00:00:00+00:00
[2024-02-26T13:52:51.744+0000] {standard_task_runner.py:57} INFO - Started process 298 to run task
[2024-02-26T13:52:51.746+0000] {standard_task_runner.py:84} INFO - Running: ['***', 'tasks', 'run', '01-bash-operator', 'print_date', 'scheduled__2024-01-01T00:00:00+00:00', '--job-id', '15', '--raw', '--subdir', 'DAGS_FOLDER/01-bash-operator.py', '--cfg-path', '/tmp/tmpmkaemmdm']
[2024-02-26T13:52:51.747+0000] {standard_task_runner.py:85} INFO - Job 15: Subtask print_date
[2024-02-26T13:52:51.791+0000] {logging_mixin.py:150} INFO - Changing /opt/***/logs/dag_id=01-bash-operator/run_id=scheduled__2024-01-01T00:00:00+00:00/task_id=print_date permission to 509
[2024-02-26T13:52:51.792+0000] {logging_mixin.py:150} INFO - Failed to change /opt/***/logs/dag_id=01-bash-operator/run_id=scheduled__2024-01-01T00:00:00+00:00/task_id=print_date permission to 509: [Errno 1] Operation not permitted: '/opt/***/logs/dag_id=01-bash-operator/run_id=scheduled__2024-01-01T00:00:00+00:00/task_id=print_date'
[2024-02-26T13:52:51.794+0000] {task_command.py:410} INFO - Running <TaskInstance: 01-bash-operator.print_date scheduled__2024-01-01T00:00:00+00:00 [running]> on host 2fe49a870f57
[2024-02-26T13:52:51.874+0000] {taskinstance.py:1547} INFO - Exporting env vars: AIRFLOW_CTX_DAG_OWNER='heumsi' AIRFLOW_CTX_DAG_ID='01-bash-operator' AIRFLOW_CTX_TASK_ID='print_date' AIRFLOW_CTX_EXECUTION_DATE='2024-01-01T00:00:00+00:00' AIRFLOW_CTX_TRY_NUMBER='2' AIRFLOW_CTX_DAG_RUN_ID='scheduled__2024-01-01T00:00:00+00:00'
[2024-02-26T13:52:51.876+0000] {subprocess.py:63} INFO - Tmp dir root location: /tmp
[2024-02-26T13:52:51.877+0000] {subprocess.py:75} INFO - Running command: ['/bin/bash', '-c', 'date']
[2024-02-26T13:52:51.886+0000] {subprocess.py:86} INFO - Output:
[2024-02-26T13:52:51.888+0000] {subprocess.py:93} INFO - Mon Feb 26 13:52:51 UTC 2024
[2024-02-26T13:52:51.889+0000] {subprocess.py:97} INFO - Command exited with return code 0
[2024-02-26T13:52:51.911+0000] {taskinstance.py:1350} INFO - Marking task as SUCCESS. dag_id=01-bash-operator, task_id=print_date, execution_date=20240101T000000, start_date=20240226T135251, end_date=20240226T135251
[2024-02-26T13:52:51.958+0000] {local_task_job_runner.py:225} INFO - Task exited with return code 0
[2024-02-26T13:52:51.980+0000] {taskinstance.py:2653} INFO - 2 downstream tasks scheduled from follow-on schedule check
