[2024-02-26T13:51:05.504+0000] {logging_mixin.py:150} INFO - Changing /opt/***/logs/dag_id=01-bash-operator/run_id=scheduled__2024-01-01T00:00:00+00:00/task_id=print_date permission to 509
[2024-02-26T13:51:05.505+0000] {logging_mixin.py:150} INFO - Failed to change /opt/***/logs/dag_id=01-bash-operator/run_id=scheduled__2024-01-01T00:00:00+00:00/task_id=print_date permission to 509: [Errno 1] Operation not permitted: '/opt/***/logs/dag_id=01-bash-operator/run_id=scheduled__2024-01-01T00:00:00+00:00/task_id=print_date'
[2024-02-26T13:51:05.526+0000] {logging_mixin.py:150} INFO - Changing /opt/***/logs/dag_id=01-bash-operator/run_id=scheduled__2024-01-01T00:00:00+00:00/task_id=print_date permission to 509
[2024-02-26T13:51:05.527+0000] {logging_mixin.py:150} INFO - Failed to change /opt/***/logs/dag_id=01-bash-operator/run_id=scheduled__2024-01-01T00:00:00+00:00/task_id=print_date permission to 509: [Errno 1] Operation not permitted: '/opt/***/logs/dag_id=01-bash-operator/run_id=scheduled__2024-01-01T00:00:00+00:00/task_id=print_date'
[2024-02-26T13:51:05.725+0000] {taskinstance.py:1103} INFO - Dependencies all met for dep_context=non-requeueable deps ti=<TaskInstance: 01-bash-operator.print_date scheduled__2024-01-01T00:00:00+00:00 [queued]>
[2024-02-26T13:51:05.740+0000] {taskinstance.py:1103} INFO - Dependencies all met for dep_context=requeueable deps ti=<TaskInstance: 01-bash-operator.print_date scheduled__2024-01-01T00:00:00+00:00 [queued]>
[2024-02-26T13:51:05.741+0000] {taskinstance.py:1308} INFO - Starting attempt 1 of 1
[2024-02-26T13:51:05.765+0000] {taskinstance.py:1327} INFO - Executing <Task(BashOperator): print_date> on 2024-01-01 00:00:00+00:00
[2024-02-26T13:51:05.770+0000] {standard_task_runner.py:57} INFO - Started process 246 to run task
[2024-02-26T13:51:05.773+0000] {standard_task_runner.py:84} INFO - Running: ['***', 'tasks', 'run', '01-bash-operator', 'print_date', 'scheduled__2024-01-01T00:00:00+00:00', '--job-id', '11', '--raw', '--subdir', 'DAGS_FOLDER/01-bash-operator.py', '--cfg-path', '/tmp/tmp35izjv4k']
[2024-02-26T13:51:05.774+0000] {standard_task_runner.py:85} INFO - Job 11: Subtask print_date
[2024-02-26T13:51:05.814+0000] {logging_mixin.py:150} INFO - Changing /opt/***/logs/dag_id=01-bash-operator/run_id=scheduled__2024-01-01T00:00:00+00:00/task_id=print_date permission to 509
[2024-02-26T13:51:05.814+0000] {logging_mixin.py:150} INFO - Failed to change /opt/***/logs/dag_id=01-bash-operator/run_id=scheduled__2024-01-01T00:00:00+00:00/task_id=print_date permission to 509: [Errno 1] Operation not permitted: '/opt/***/logs/dag_id=01-bash-operator/run_id=scheduled__2024-01-01T00:00:00+00:00/task_id=print_date'
[2024-02-26T13:51:05.816+0000] {task_command.py:410} INFO - Running <TaskInstance: 01-bash-operator.print_date scheduled__2024-01-01T00:00:00+00:00 [running]> on host 2fe49a870f57
[2024-02-26T13:51:05.891+0000] {taskinstance.py:1547} INFO - Exporting env vars: AIRFLOW_CTX_DAG_OWNER='heumsi' AIRFLOW_CTX_DAG_ID='01-bash-operator' AIRFLOW_CTX_TASK_ID='print_date' AIRFLOW_CTX_EXECUTION_DATE='2024-01-01T00:00:00+00:00' AIRFLOW_CTX_TRY_NUMBER='1' AIRFLOW_CTX_DAG_RUN_ID='scheduled__2024-01-01T00:00:00+00:00'
[2024-02-26T13:51:05.893+0000] {subprocess.py:63} INFO - Tmp dir root location: /tmp
[2024-02-26T13:51:05.894+0000] {subprocess.py:75} INFO - Running command: ['/bin/bash', '-c', 'date']
[2024-02-26T13:51:05.904+0000] {subprocess.py:86} INFO - Output:
[2024-02-26T13:51:05.911+0000] {subprocess.py:93} INFO - Mon Feb 26 13:51:05 UTC 2024
[2024-02-26T13:51:05.912+0000] {subprocess.py:97} INFO - Command exited with return code 0
[2024-02-26T13:51:05.933+0000] {taskinstance.py:1350} INFO - Marking task as SUCCESS. dag_id=01-bash-operator, task_id=print_date, execution_date=20240101T000000, start_date=20240226T135105, end_date=20240226T135105
[2024-02-26T13:51:05.985+0000] {local_task_job_runner.py:225} INFO - Task exited with return code 0
[2024-02-26T13:51:06.004+0000] {taskinstance.py:2653} INFO - 2 downstream tasks scheduled from follow-on schedule check
