[2024-02-26T14:36:17.059+0000] {logging_mixin.py:150} INFO - Changing /opt/***/logs/dag_id=python_dag_with_jinja/run_id=scheduled__2024-02-23T00:30:00+00:00/task_id=print_current_date_with_jinja permission to 509
[2024-02-26T14:36:17.061+0000] {logging_mixin.py:150} INFO - Failed to change /opt/***/logs/dag_id=python_dag_with_jinja/run_id=scheduled__2024-02-23T00:30:00+00:00/task_id=print_current_date_with_jinja permission to 509: [Errno 1] Operation not permitted: '/opt/***/logs/dag_id=python_dag_with_jinja/run_id=scheduled__2024-02-23T00:30:00+00:00/task_id=print_current_date_with_jinja'
[2024-02-26T14:36:17.111+0000] {logging_mixin.py:150} INFO - Changing /opt/***/logs/dag_id=python_dag_with_jinja/run_id=scheduled__2024-02-23T00:30:00+00:00/task_id=print_current_date_with_jinja permission to 509
[2024-02-26T14:36:17.112+0000] {logging_mixin.py:150} INFO - Failed to change /opt/***/logs/dag_id=python_dag_with_jinja/run_id=scheduled__2024-02-23T00:30:00+00:00/task_id=print_current_date_with_jinja permission to 509: [Errno 1] Operation not permitted: '/opt/***/logs/dag_id=python_dag_with_jinja/run_id=scheduled__2024-02-23T00:30:00+00:00/task_id=print_current_date_with_jinja'
[2024-02-26T14:36:17.388+0000] {taskinstance.py:1103} INFO - Dependencies all met for dep_context=non-requeueable deps ti=<TaskInstance: python_dag_with_jinja.print_current_date_with_jinja scheduled__2024-02-23T00:30:00+00:00 [queued]>
[2024-02-26T14:36:17.397+0000] {taskinstance.py:1103} INFO - Dependencies all met for dep_context=requeueable deps ti=<TaskInstance: python_dag_with_jinja.print_current_date_with_jinja scheduled__2024-02-23T00:30:00+00:00 [queued]>
[2024-02-26T14:36:17.398+0000] {taskinstance.py:1308} INFO - Starting attempt 1 of 1
[2024-02-26T14:36:17.421+0000] {taskinstance.py:1327} INFO - Executing <Task(PythonOperator): print_current_date_with_jinja> on 2024-02-23 00:30:00+00:00
[2024-02-26T14:36:17.433+0000] {standard_task_runner.py:57} INFO - Started process 1369 to run task
[2024-02-26T14:36:17.436+0000] {standard_task_runner.py:84} INFO - Running: ['***', 'tasks', 'run', 'python_dag_with_jinja', 'print_current_date_with_jinja', 'scheduled__2024-02-23T00:30:00+00:00', '--job-id', '97', '--raw', '--subdir', 'DAGS_FOLDER/04-python-operator-with-jinja.py', '--cfg-path', '/tmp/tmp7tsf2soi']
[2024-02-26T14:36:17.439+0000] {standard_task_runner.py:85} INFO - Job 97: Subtask print_current_date_with_jinja
[2024-02-26T14:36:17.505+0000] {logging_mixin.py:150} INFO - Changing /opt/***/logs/dag_id=python_dag_with_jinja/run_id=scheduled__2024-02-23T00:30:00+00:00/task_id=print_current_date_with_jinja permission to 509
[2024-02-26T14:36:17.506+0000] {logging_mixin.py:150} INFO - Failed to change /opt/***/logs/dag_id=python_dag_with_jinja/run_id=scheduled__2024-02-23T00:30:00+00:00/task_id=print_current_date_with_jinja permission to 509: [Errno 1] Operation not permitted: '/opt/***/logs/dag_id=python_dag_with_jinja/run_id=scheduled__2024-02-23T00:30:00+00:00/task_id=print_current_date_with_jinja'
[2024-02-26T14:36:17.509+0000] {task_command.py:410} INFO - Running <TaskInstance: python_dag_with_jinja.print_current_date_with_jinja scheduled__2024-02-23T00:30:00+00:00 [running]> on host 2fe49a870f57
[2024-02-26T14:36:17.622+0000] {taskinstance.py:1547} INFO - Exporting env vars: AIRFLOW_CTX_DAG_OWNER='heumsi' AIRFLOW_CTX_DAG_ID='python_dag_with_jinja' AIRFLOW_CTX_TASK_ID='print_current_date_with_jinja' AIRFLOW_CTX_EXECUTION_DATE='2024-02-23T00:30:00+00:00' AIRFLOW_CTX_TRY_NUMBER='1' AIRFLOW_CTX_DAG_RUN_ID='scheduled__2024-02-23T00:30:00+00:00'
[2024-02-26T14:36:17.625+0000] {logging_mixin.py:150} INFO - 2024-02-23는 금요일입니다.
[2024-02-26T14:36:17.625+0000] {python.py:183} INFO - Done. Returned value was: 2024-02-23
[2024-02-26T14:36:17.658+0000] {taskinstance.py:1350} INFO - Marking task as SUCCESS. dag_id=python_dag_with_jinja, task_id=print_current_date_with_jinja, execution_date=20240223T003000, start_date=20240226T143617, end_date=20240226T143617
[2024-02-26T14:36:17.688+0000] {local_task_job_runner.py:225} INFO - Task exited with return code 0
[2024-02-26T14:36:17.711+0000] {taskinstance.py:2653} INFO - 0 downstream tasks scheduled from follow-on schedule check
