[2024-02-26T14:55:16.990+0000] {logging_mixin.py:150} INFO - Changing /opt/***/logs/dag_id=python_dag_with_slack_webhook/run_id=scheduled__2024-01-02T00:30:00+00:00/task_id=raise_exception_and_send_slack_noti permission to 509
[2024-02-26T14:55:16.990+0000] {logging_mixin.py:150} INFO - Failed to change /opt/***/logs/dag_id=python_dag_with_slack_webhook/run_id=scheduled__2024-01-02T00:30:00+00:00/task_id=raise_exception_and_send_slack_noti permission to 509: [Errno 1] Operation not permitted: '/opt/***/logs/dag_id=python_dag_with_slack_webhook/run_id=scheduled__2024-01-02T00:30:00+00:00/task_id=raise_exception_and_send_slack_noti'
[2024-02-26T14:55:17.018+0000] {logging_mixin.py:150} INFO - Changing /opt/***/logs/dag_id=python_dag_with_slack_webhook/run_id=scheduled__2024-01-02T00:30:00+00:00/task_id=raise_exception_and_send_slack_noti permission to 509
[2024-02-26T14:55:17.019+0000] {logging_mixin.py:150} INFO - Failed to change /opt/***/logs/dag_id=python_dag_with_slack_webhook/run_id=scheduled__2024-01-02T00:30:00+00:00/task_id=raise_exception_and_send_slack_noti permission to 509: [Errno 1] Operation not permitted: '/opt/***/logs/dag_id=python_dag_with_slack_webhook/run_id=scheduled__2024-01-02T00:30:00+00:00/task_id=raise_exception_and_send_slack_noti'
[2024-02-26T14:55:17.061+0000] {taskinstance.py:1103} INFO - Dependencies all met for dep_context=non-requeueable deps ti=<TaskInstance: python_dag_with_slack_webhook.raise_exception_and_send_slack_noti scheduled__2024-01-02T00:30:00+00:00 [queued]>
[2024-02-26T14:55:17.075+0000] {taskinstance.py:1103} INFO - Dependencies all met for dep_context=requeueable deps ti=<TaskInstance: python_dag_with_slack_webhook.raise_exception_and_send_slack_noti scheduled__2024-01-02T00:30:00+00:00 [queued]>
[2024-02-26T14:55:17.076+0000] {taskinstance.py:1308} INFO - Starting attempt 1 of 1
[2024-02-26T14:55:17.094+0000] {taskinstance.py:1327} INFO - Executing <Task(PythonOperator): raise_exception_and_send_slack_noti> on 2024-01-02 00:30:00+00:00
[2024-02-26T14:55:17.104+0000] {standard_task_runner.py:57} INFO - Started process 1730 to run task
[2024-02-26T14:55:17.107+0000] {standard_task_runner.py:84} INFO - Running: ['***', 'tasks', 'run', 'python_dag_with_slack_webhook', 'raise_exception_and_send_slack_noti', 'scheduled__2024-01-02T00:30:00+00:00', '--job-id', '108', '--raw', '--subdir', 'DAGS_FOLDER/05-python-operator-with-slack-noti.py', '--cfg-path', '/tmp/tmpvicoh78m']
[2024-02-26T14:55:17.109+0000] {standard_task_runner.py:85} INFO - Job 108: Subtask raise_exception_and_send_slack_noti
[2024-02-26T14:55:17.176+0000] {logging_mixin.py:150} INFO - Changing /opt/***/logs/dag_id=python_dag_with_slack_webhook/run_id=scheduled__2024-01-02T00:30:00+00:00/task_id=raise_exception_and_send_slack_noti permission to 509
[2024-02-26T14:55:17.176+0000] {logging_mixin.py:150} INFO - Failed to change /opt/***/logs/dag_id=python_dag_with_slack_webhook/run_id=scheduled__2024-01-02T00:30:00+00:00/task_id=raise_exception_and_send_slack_noti permission to 509: [Errno 1] Operation not permitted: '/opt/***/logs/dag_id=python_dag_with_slack_webhook/run_id=scheduled__2024-01-02T00:30:00+00:00/task_id=raise_exception_and_send_slack_noti'
[2024-02-26T14:55:17.180+0000] {task_command.py:410} INFO - Running <TaskInstance: python_dag_with_slack_webhook.raise_exception_and_send_slack_noti scheduled__2024-01-02T00:30:00+00:00 [running]> on host 2fe49a870f57
[2024-02-26T14:55:17.272+0000] {taskinstance.py:1547} INFO - Exporting env vars: AIRFLOW_CTX_DAG_OWNER='heumsi' AIRFLOW_CTX_DAG_ID='python_dag_with_slack_webhook' AIRFLOW_CTX_TASK_ID='raise_exception_and_send_slack_noti' AIRFLOW_CTX_EXECUTION_DATE='2024-01-02T00:30:00+00:00' AIRFLOW_CTX_TRY_NUMBER='1' AIRFLOW_CTX_DAG_RUN_ID='scheduled__2024-01-02T00:30:00+00:00'
[2024-02-26T14:55:17.273+0000] {taskinstance.py:1824} ERROR - Task failed with exception
Traceback (most recent call last):
  File "/home/airflow/.local/lib/python3.7/site-packages/airflow/operators/python.py", line 181, in execute
    return_value = self.execute_callable()
  File "/home/airflow/.local/lib/python3.7/site-packages/airflow/operators/python.py", line 198, in execute_callable
    return self.python_callable(*self.op_args, **self.op_kwargs)
  File "/opt/airflow/dags/05-python-operator-with-slack-noti.py", line 17, in _handle_job_error
    raise AirflowFailException("Job failed")
airflow.exceptions.AirflowFailException: Job failed
[2024-02-26T14:55:17.285+0000] {taskinstance.py:1350} INFO - Immediate failure requested. Marking task as FAILED. dag_id=python_dag_with_slack_webhook, task_id=raise_exception_and_send_slack_noti, execution_date=20240102T003000, start_date=20240226T145517, end_date=20240226T145517
[2024-02-26T14:55:17.296+0000] {standard_task_runner.py:109} ERROR - Failed to execute job 108 for task raise_exception_and_send_slack_noti (Job failed; 1730)
[2024-02-26T14:55:17.322+0000] {local_task_job_runner.py:225} INFO - Task exited with return code 1
[2024-02-26T14:55:17.341+0000] {taskinstance.py:2653} INFO - 0 downstream tasks scheduled from follow-on schedule check
[2024-02-26T15:06:41.958+0000] {logging_mixin.py:150} INFO - Changing /opt/***/logs/dag_id=python_dag_with_slack_webhook/run_id=scheduled__2024-01-02T00:30:00+00:00/task_id=raise_exception_and_send_slack_noti permission to 509
[2024-02-26T15:06:41.959+0000] {logging_mixin.py:150} INFO - Failed to change /opt/***/logs/dag_id=python_dag_with_slack_webhook/run_id=scheduled__2024-01-02T00:30:00+00:00/task_id=raise_exception_and_send_slack_noti permission to 509: [Errno 1] Operation not permitted: '/opt/***/logs/dag_id=python_dag_with_slack_webhook/run_id=scheduled__2024-01-02T00:30:00+00:00/task_id=raise_exception_and_send_slack_noti'
[2024-02-26T15:06:41.993+0000] {logging_mixin.py:150} INFO - Changing /opt/***/logs/dag_id=python_dag_with_slack_webhook/run_id=scheduled__2024-01-02T00:30:00+00:00/task_id=raise_exception_and_send_slack_noti permission to 509
[2024-02-26T15:06:41.994+0000] {logging_mixin.py:150} INFO - Failed to change /opt/***/logs/dag_id=python_dag_with_slack_webhook/run_id=scheduled__2024-01-02T00:30:00+00:00/task_id=raise_exception_and_send_slack_noti permission to 509: [Errno 1] Operation not permitted: '/opt/***/logs/dag_id=python_dag_with_slack_webhook/run_id=scheduled__2024-01-02T00:30:00+00:00/task_id=raise_exception_and_send_slack_noti'
[2024-02-26T15:06:42.026+0000] {taskinstance.py:1103} INFO - Dependencies all met for dep_context=non-requeueable deps ti=<TaskInstance: python_dag_with_slack_webhook.raise_exception_and_send_slack_noti scheduled__2024-01-02T00:30:00+00:00 [queued]>
[2024-02-26T15:06:42.038+0000] {taskinstance.py:1103} INFO - Dependencies all met for dep_context=requeueable deps ti=<TaskInstance: python_dag_with_slack_webhook.raise_exception_and_send_slack_noti scheduled__2024-01-02T00:30:00+00:00 [queued]>
[2024-02-26T15:06:42.039+0000] {taskinstance.py:1308} INFO - Starting attempt 1 of 1
[2024-02-26T15:06:42.083+0000] {taskinstance.py:1327} INFO - Executing <Task(PythonOperator): raise_exception_and_send_slack_noti> on 2024-01-02 00:30:00+00:00
[2024-02-26T15:06:42.099+0000] {standard_task_runner.py:57} INFO - Started process 1937 to run task
[2024-02-26T15:06:42.105+0000] {standard_task_runner.py:84} INFO - Running: ['***', 'tasks', 'run', 'python_dag_with_slack_webhook', 'raise_exception_and_send_slack_noti', 'scheduled__2024-01-02T00:30:00+00:00', '--job-id', '111', '--raw', '--subdir', 'DAGS_FOLDER/05-python-operator-with-slack-noti.py', '--cfg-path', '/tmp/tmpol66hbrf']
[2024-02-26T15:06:42.110+0000] {standard_task_runner.py:85} INFO - Job 111: Subtask raise_exception_and_send_slack_noti
[2024-02-26T15:06:42.212+0000] {logging_mixin.py:150} INFO - Changing /opt/***/logs/dag_id=python_dag_with_slack_webhook/run_id=scheduled__2024-01-02T00:30:00+00:00/task_id=raise_exception_and_send_slack_noti permission to 509
[2024-02-26T15:06:42.213+0000] {logging_mixin.py:150} INFO - Failed to change /opt/***/logs/dag_id=python_dag_with_slack_webhook/run_id=scheduled__2024-01-02T00:30:00+00:00/task_id=raise_exception_and_send_slack_noti permission to 509: [Errno 1] Operation not permitted: '/opt/***/logs/dag_id=python_dag_with_slack_webhook/run_id=scheduled__2024-01-02T00:30:00+00:00/task_id=raise_exception_and_send_slack_noti'
[2024-02-26T15:06:42.214+0000] {task_command.py:410} INFO - Running <TaskInstance: python_dag_with_slack_webhook.raise_exception_and_send_slack_noti scheduled__2024-01-02T00:30:00+00:00 [running]> on host 2fe49a870f57
[2024-02-26T15:06:42.305+0000] {taskinstance.py:1547} INFO - Exporting env vars: AIRFLOW_CTX_DAG_OWNER='heumsi' AIRFLOW_CTX_DAG_ID='python_dag_with_slack_webhook' AIRFLOW_CTX_TASK_ID='raise_exception_and_send_slack_noti' AIRFLOW_CTX_EXECUTION_DATE='2024-01-02T00:30:00+00:00' AIRFLOW_CTX_TRY_NUMBER='1' AIRFLOW_CTX_DAG_RUN_ID='scheduled__2024-01-02T00:30:00+00:00'
[2024-02-26T15:06:42.309+0000] {taskinstance.py:1824} ERROR - Task failed with exception
Traceback (most recent call last):
  File "/home/airflow/.local/lib/python3.7/site-packages/airflow/operators/python.py", line 181, in execute
    return_value = self.execute_callable()
  File "/home/airflow/.local/lib/python3.7/site-packages/airflow/operators/python.py", line 198, in execute_callable
    return self.python_callable(*self.op_args, **self.op_kwargs)
  File "/opt/airflow/dags/05-python-operator-with-slack-noti.py", line 17, in _handle_job_error
    raise AirflowFailException("Job failed")
airflow.exceptions.AirflowFailException: Job failed
[2024-02-26T15:06:42.320+0000] {taskinstance.py:1350} INFO - Immediate failure requested. Marking task as FAILED. dag_id=python_dag_with_slack_webhook, task_id=raise_exception_and_send_slack_noti, execution_date=20240102T003000, start_date=20240226T150642, end_date=20240226T150642
[2024-02-26T15:06:42.336+0000] {standard_task_runner.py:109} ERROR - Failed to execute job 111 for task raise_exception_and_send_slack_noti (Job failed; 1937)
[2024-02-26T15:06:42.360+0000] {local_task_job_runner.py:225} INFO - Task exited with return code 1
[2024-02-26T15:06:42.378+0000] {taskinstance.py:2653} INFO - 0 downstream tasks scheduled from follow-on schedule check
