[2024-02-26T14:07:42.990+0000] {logging_mixin.py:150} INFO - Changing /opt/***/logs/dag_id=python_dag_with_context/run_id=scheduled__2024-02-08T00:30:00+00:00/task_id=print_current_date_with_conetxt permission to 509
[2024-02-26T14:07:42.991+0000] {logging_mixin.py:150} INFO - Failed to change /opt/***/logs/dag_id=python_dag_with_context/run_id=scheduled__2024-02-08T00:30:00+00:00/task_id=print_current_date_with_conetxt permission to 509: [Errno 1] Operation not permitted: '/opt/***/logs/dag_id=python_dag_with_context/run_id=scheduled__2024-02-08T00:30:00+00:00/task_id=print_current_date_with_conetxt'
[2024-02-26T14:07:43.040+0000] {logging_mixin.py:150} INFO - Changing /opt/***/logs/dag_id=python_dag_with_context/run_id=scheduled__2024-02-08T00:30:00+00:00/task_id=print_current_date_with_conetxt permission to 509
[2024-02-26T14:07:43.041+0000] {logging_mixin.py:150} INFO - Failed to change /opt/***/logs/dag_id=python_dag_with_context/run_id=scheduled__2024-02-08T00:30:00+00:00/task_id=print_current_date_with_conetxt permission to 509: [Errno 1] Operation not permitted: '/opt/***/logs/dag_id=python_dag_with_context/run_id=scheduled__2024-02-08T00:30:00+00:00/task_id=print_current_date_with_conetxt'
[2024-02-26T14:07:43.277+0000] {taskinstance.py:1103} INFO - Dependencies all met for dep_context=non-requeueable deps ti=<TaskInstance: python_dag_with_context.print_current_date_with_conetxt scheduled__2024-02-08T00:30:00+00:00 [queued]>
[2024-02-26T14:07:43.289+0000] {taskinstance.py:1103} INFO - Dependencies all met for dep_context=requeueable deps ti=<TaskInstance: python_dag_with_context.print_current_date_with_conetxt scheduled__2024-02-08T00:30:00+00:00 [queued]>
[2024-02-26T14:07:43.290+0000] {taskinstance.py:1308} INFO - Starting attempt 1 of 1
[2024-02-26T14:07:43.313+0000] {taskinstance.py:1327} INFO - Executing <Task(PythonOperator): print_current_date_with_conetxt> on 2024-02-08 00:30:00+00:00
[2024-02-26T14:07:43.321+0000] {standard_task_runner.py:57} INFO - Started process 688 to run task
[2024-02-26T14:07:43.323+0000] {standard_task_runner.py:84} INFO - Running: ['***', 'tasks', 'run', 'python_dag_with_context', 'print_current_date_with_conetxt', 'scheduled__2024-02-08T00:30:00+00:00', '--job-id', '59', '--raw', '--subdir', 'DAGS_FOLDER/03-python-operator-with-context.py', '--cfg-path', '/tmp/tmpuxpz96an']
[2024-02-26T14:07:43.326+0000] {standard_task_runner.py:85} INFO - Job 59: Subtask print_current_date_with_conetxt
[2024-02-26T14:07:43.386+0000] {logging_mixin.py:150} INFO - Changing /opt/***/logs/dag_id=python_dag_with_context/run_id=scheduled__2024-02-08T00:30:00+00:00/task_id=print_current_date_with_conetxt permission to 509
[2024-02-26T14:07:43.387+0000] {logging_mixin.py:150} INFO - Failed to change /opt/***/logs/dag_id=python_dag_with_context/run_id=scheduled__2024-02-08T00:30:00+00:00/task_id=print_current_date_with_conetxt permission to 509: [Errno 1] Operation not permitted: '/opt/***/logs/dag_id=python_dag_with_context/run_id=scheduled__2024-02-08T00:30:00+00:00/task_id=print_current_date_with_conetxt'
[2024-02-26T14:07:43.389+0000] {task_command.py:410} INFO - Running <TaskInstance: python_dag_with_context.print_current_date_with_conetxt scheduled__2024-02-08T00:30:00+00:00 [running]> on host 2fe49a870f57
[2024-02-26T14:07:43.505+0000] {taskinstance.py:1547} INFO - Exporting env vars: AIRFLOW_CTX_DAG_OWNER='heumsi' AIRFLOW_CTX_DAG_ID='python_dag_with_context' AIRFLOW_CTX_TASK_ID='print_current_date_with_conetxt' AIRFLOW_CTX_EXECUTION_DATE='2024-02-08T00:30:00+00:00' AIRFLOW_CTX_TRY_NUMBER='1' AIRFLOW_CTX_DAG_RUN_ID='scheduled__2024-02-08T00:30:00+00:00'
[2024-02-26T14:07:43.507+0000] {logging_mixin.py:150} INFO - execution_date: 2024-02-08
[2024-02-26T14:07:43.508+0000] {logging_mixin.py:150} INFO - execution_date_nodash: 20240208
[2024-02-26T14:07:43.509+0000] {logging_mixin.py:150} INFO - 2024-02-08는 목요일입니다.
[2024-02-26T14:07:43.510+0000] {python.py:183} INFO - Done. Returned value was: None
[2024-02-26T14:07:43.524+0000] {taskinstance.py:1350} INFO - Marking task as SUCCESS. dag_id=python_dag_with_context, task_id=print_current_date_with_conetxt, execution_date=20240208T003000, start_date=20240226T140743, end_date=20240226T140743
[2024-02-26T14:07:43.587+0000] {local_task_job_runner.py:225} INFO - Task exited with return code 0
[2024-02-26T14:07:43.608+0000] {taskinstance.py:2653} INFO - 0 downstream tasks scheduled from follow-on schedule check
