[2024-02-26T14:36:12.799+0000] {logging_mixin.py:150} INFO - Changing /opt/***/logs/dag_id=python_dag_with_jinja/run_id=scheduled__2024-02-13T00:30:00+00:00/task_id=print_current_date_with_jinja permission to 509
[2024-02-26T14:36:12.803+0000] {logging_mixin.py:150} INFO - Failed to change /opt/***/logs/dag_id=python_dag_with_jinja/run_id=scheduled__2024-02-13T00:30:00+00:00/task_id=print_current_date_with_jinja permission to 509: [Errno 1] Operation not permitted: '/opt/***/logs/dag_id=python_dag_with_jinja/run_id=scheduled__2024-02-13T00:30:00+00:00/task_id=print_current_date_with_jinja'
[2024-02-26T14:36:12.949+0000] {logging_mixin.py:150} INFO - Changing /opt/***/logs/dag_id=python_dag_with_jinja/run_id=scheduled__2024-02-13T00:30:00+00:00/task_id=print_current_date_with_jinja permission to 509
[2024-02-26T14:36:12.954+0000] {logging_mixin.py:150} INFO - Failed to change /opt/***/logs/dag_id=python_dag_with_jinja/run_id=scheduled__2024-02-13T00:30:00+00:00/task_id=print_current_date_with_jinja permission to 509: [Errno 1] Operation not permitted: '/opt/***/logs/dag_id=python_dag_with_jinja/run_id=scheduled__2024-02-13T00:30:00+00:00/task_id=print_current_date_with_jinja'
[2024-02-26T14:36:13.447+0000] {taskinstance.py:1103} INFO - Dependencies all met for dep_context=non-requeueable deps ti=<TaskInstance: python_dag_with_jinja.print_current_date_with_jinja scheduled__2024-02-13T00:30:00+00:00 [queued]>
[2024-02-26T14:36:13.577+0000] {taskinstance.py:1103} INFO - Dependencies all met for dep_context=requeueable deps ti=<TaskInstance: python_dag_with_jinja.print_current_date_with_jinja scheduled__2024-02-13T00:30:00+00:00 [queued]>
[2024-02-26T14:36:13.579+0000] {taskinstance.py:1308} INFO - Starting attempt 1 of 1
[2024-02-26T14:36:13.789+0000] {taskinstance.py:1327} INFO - Executing <Task(PythonOperator): print_current_date_with_jinja> on 2024-02-13 00:30:00+00:00
[2024-02-26T14:36:13.821+0000] {standard_task_runner.py:57} INFO - Started process 1353 to run task
[2024-02-26T14:36:13.853+0000] {standard_task_runner.py:84} INFO - Running: ['***', 'tasks', 'run', 'python_dag_with_jinja', 'print_current_date_with_jinja', 'scheduled__2024-02-13T00:30:00+00:00', '--job-id', '90', '--raw', '--subdir', 'DAGS_FOLDER/04-python-operator-with-jinja.py', '--cfg-path', '/tmp/tmplzrkq5af']
[2024-02-26T14:36:13.857+0000] {standard_task_runner.py:85} INFO - Job 90: Subtask print_current_date_with_jinja
[2024-02-26T14:36:14.104+0000] {logging_mixin.py:150} INFO - Changing /opt/***/logs/dag_id=python_dag_with_jinja/run_id=scheduled__2024-02-13T00:30:00+00:00/task_id=print_current_date_with_jinja permission to 509
[2024-02-26T14:36:14.113+0000] {logging_mixin.py:150} INFO - Failed to change /opt/***/logs/dag_id=python_dag_with_jinja/run_id=scheduled__2024-02-13T00:30:00+00:00/task_id=print_current_date_with_jinja permission to 509: [Errno 1] Operation not permitted: '/opt/***/logs/dag_id=python_dag_with_jinja/run_id=scheduled__2024-02-13T00:30:00+00:00/task_id=print_current_date_with_jinja'
[2024-02-26T14:36:14.128+0000] {task_command.py:410} INFO - Running <TaskInstance: python_dag_with_jinja.print_current_date_with_jinja scheduled__2024-02-13T00:30:00+00:00 [running]> on host 2fe49a870f57
[2024-02-26T14:36:14.457+0000] {taskinstance.py:1547} INFO - Exporting env vars: AIRFLOW_CTX_DAG_OWNER='heumsi' AIRFLOW_CTX_DAG_ID='python_dag_with_jinja' AIRFLOW_CTX_TASK_ID='print_current_date_with_jinja' AIRFLOW_CTX_EXECUTION_DATE='2024-02-13T00:30:00+00:00' AIRFLOW_CTX_TRY_NUMBER='1' AIRFLOW_CTX_DAG_RUN_ID='scheduled__2024-02-13T00:30:00+00:00'
[2024-02-26T14:36:14.464+0000] {logging_mixin.py:150} INFO - 2024-02-13는 화요일입니다.
[2024-02-26T14:36:14.466+0000] {python.py:183} INFO - Done. Returned value was: 2024-02-13
[2024-02-26T14:36:14.560+0000] {taskinstance.py:1350} INFO - Marking task as SUCCESS. dag_id=python_dag_with_jinja, task_id=print_current_date_with_jinja, execution_date=20240213T003000, start_date=20240226T143613, end_date=20240226T143614
[2024-02-26T14:36:14.651+0000] {local_task_job_runner.py:225} INFO - Task exited with return code 0
[2024-02-26T14:36:14.697+0000] {taskinstance.py:2653} INFO - 0 downstream tasks scheduled from follow-on schedule check
